Flutter crash report; please file at https://github.com/flutter/flutter/issues.

## command

flutter build bundle --suppress-analytics --target /Users/chao/work/project/demo/transfun/lib/main.dart --preview-dart-2 --depfile /Users/chao/work/project/demo/transfun/build/app/intermediates/flutter/debug/snapshot_blob.bin.d --asset-dir /Users/chao/work/project/demo/transfun/build/app/intermediates/flutter/debug/flutter_assets

## exception

RangeError: RangeError (index): Invalid value: Only valid value is 0: 1

```
#0      List.[] (dart:core-patch/dart:core/growable_array.dart:141)
#1      readDepfile (package:flutter_tools/src/base/fingerprint.dart:174)
<asynchronous suspension>
#2      Fingerprinter._getPaths (package:flutter_tools/src/base/fingerprint.dart:88)
<asynchronous suspension>
#3      Fingerprinter.doesFingerprintMatch (package:flutter_tools/src/base/fingerprint.dart:60)
<asynchronous suspension>
#4      KernelCompiler.compile (package:flutter_tools/src/compile.dart:104)
<asynchronous suspension>
#5      build (package:flutter_tools/src/bundle.dart:74)
<asynchronous suspension>
#6      BuildBundleCommand.runCommand (package:flutter_tools/src/commands/build_bundle.dart:67)
<asynchronous suspension>
#7      FlutterCommand.verifyThenRunCommand (package:flutter_tools/src/runner/flutter_command.dart:344)
<asynchronous suspension>
#8      FlutterCommand.run.<anonymous closure> (package:flutter_tools/src/runner/flutter_command.dart:279)
<asynchronous suspension>
#9      AppContext.run.<anonymous closure> (package:flutter_tools/src/base/context.dart:142)
<asynchronous suspension>
#10     _rootRun (dart:async/zone.dart:1126)
#11     _CustomZone.run (dart:async/zone.dart:1023)
#12     runZoned (dart:async/zone.dart:1501)
#13     AppContext.run (package:flutter_tools/src/base/context.dart:141)
<asynchronous suspension>
#14     FlutterCommand.run (package:flutter_tools/src/runner/flutter_command.dart:270)
#15     CommandRunner.runCommand (package:args/command_runner.dart:194)
<asynchronous suspension>
#16     FlutterCommandRunner.runCommand.<anonymous closure> (package:flutter_tools/src/runner/flutter_command_runner.dart:309)
<asynchronous suspension>
#17     AppContext.run.<anonymous closure> (package:flutter_tools/src/base/context.dart:142)
<asynchronous suspension>
#18     _rootRun (dart:async/zone.dart:1126)
#19     _CustomZone.run (dart:async/zone.dart:1023)
#20     runZoned (dart:async/zone.dart:1501)
#21     AppContext.run (package:flutter_tools/src/base/context.dart:141)
<asynchronous suspension>
#22     FlutterCommandRunner.runCommand (package:flutter_tools/src/runner/flutter_command_runner.dart:265)
<asynchronous suspension>
#23     CommandRunner.run.<anonymous closure> (package:args/command_runner.dart:109)
#24     new Future.sync (dart:async/future.dart:222)
#25     CommandRunner.run (package:args/command_runner.dart:109)
#26     FlutterCommandRunner.run (package:flutter_tools/src/runner/flutter_command_runner.dart:174)
#27     run.<anonymous closure> (package:flutter_tools/runner.dart:54)
<asynchronous suspension>
#28     AppContext.run.<anonymous closure> (package:flutter_tools/src/base/context.dart:142)
<asynchronous suspension>
#29     _rootRun (dart:async/zone.dart:1126)
#30     _CustomZone.run (dart:async/zone.dart:1023)
#31     runZoned (dart:async/zone.dart:1501)
#32     AppContext.run (package:flutter_tools/src/base/context.dart:141)
<asynchronous suspension>
#33     runInContext (package:flutter_tools/src/context_runner.dart:43)
<asynchronous suspension>
#34     run (package:flutter_tools/runner.dart:49)
#35     main (package:flutter_tools/executable.dart:49)
<asynchronous suspension>
#36     main (file:///Users/chao/Library/flutter/packages/flutter_tools/bin/flutter_tools.dart:8)
#37     _startIsolate.<anonymous closure> (dart:isolate-patch/dart:isolate/isolate_patch.dart:277)
#38     _RawReceivePortImpl._handleMessage (dart:isolate-patch/dart:isolate/isolate_patch.dart:165)
```

## flutter doctor

```
[✓] Flutter (Channel beta, v0.4.4, on Mac OS X 10.12.4 16E195, locale zh-Hans-CN)
    • Flutter version 0.4.4 at /Users/chao/Library/flutter
    • Framework revision f9bb4289e9 (6 weeks ago), 2018-05-11 21:44:54 -0700
    • Engine revision 06afdfe54e
    • Dart version 2.0.0-dev.54.0.flutter-46ab040e58

[✓] Android toolchain - develop for Android devices (Android SDK 27.0.3)
    • Android SDK at /Users/chao/Library/Android/sdk/
    • Android NDK location not configured (optional; useful for native profiling support)
    • Platform android-27, build-tools 27.0.3
    • ANDROID_HOME = /Users/chao/Library/Android/sdk/
    • Java binary at: /Applications/Android Studio.app/Contents/jre/jdk/Contents/Home/bin/java
    • Java version OpenJDK Runtime Environment (build 1.8.0_152-release-915-b08)
    • All Android licenses accepted.

[!] iOS toolchain - develop for iOS devices
    ✗ Xcode installation is incomplete; a full installation is necessary for iOS development.
      Download at: https://developer.apple.com/xcode/download/
      Or install Xcode via the App Store.
      Once installed, run:
        sudo xcode-select --switch /Applications/Xcode.app/Contents/Developer
    ✗ libimobiledevice and ideviceinstaller are not installed. To install, run:
        brew install --HEAD libimobiledevice
        brew install ideviceinstaller
    ✗ ios-deploy not installed. To install:
        brew install ios-deploy
    ✗ CocoaPods not installed.
        CocoaPods is used to retrieve the iOS platform side's plugin code that responds to your plugin usage on the Dart side.
        Without resolving iOS dependencies with CocoaPods, plugins will not work on iOS.
        For more info, see https://flutter.io/platform-plugins
      To install:
        brew install cocoapods
        pod setup

[✓] Android Studio (version 2.2)
    • Android Studio at /Applications/Android Studio 2.app/Contents
    ✗ Flutter plugin not installed; this adds Flutter specific functionality.
    ✗ Dart plugin not installed; this adds Dart specific functionality.
    • Java version OpenJDK Runtime Environment (build 1.8.0_112-release-b05)

[✓] Android Studio
    • Android Studio at /Applications/Android Studio 3.1 Preview.app/Contents
    ✗ Flutter plugin not installed; this adds Flutter specific functionality.
    ✗ Dart plugin not installed; this adds Dart specific functionality.
    • Java version OpenJDK Runtime Environment (build 1.8.0_152-release-1024-b01)

[✓] Android Studio (version 3.0)
    • Android Studio at /Applications/Android Studio.app/Contents
    ✗ Flutter plugin not installed; this adds Flutter specific functionality.
    ✗ Dart plugin not installed; this adds Dart specific functionality.
    • Java version OpenJDK Runtime Environment (build 1.8.0_152-release-915-b08)

[!] VS Code (version 1.24.1)
    • VS Code at /Applications/Visual Studio Code.app/Contents
    • Dart Code extension not installed; install from
      https://marketplace.visualstudio.com/items?itemName=Dart-Code.dart-code

[✓] Connected devices (1 available)
    • MIX • 730ddd18 • android-arm64 • Android 7.0 (API 24)

! Doctor found issues in 2 categories.
```
